<testsuites id="" name="" tests="6" failures="1" skipped="0" errors="1" time="35.987716">
<testsuite name="professional-admin.spec.js" timestamp="2026-07-27T16:25:18.994Z" hostname="desktop-admin-installer" tests="6" failures="1" skipped="0" time="34.234" errors="1">
<testcase name="[professional-shell] exibe dobra e expande subnavegacao sem ocupar layout" classname="professional-admin.spec.js" time="0.626">
<system-out>
<![CDATA[
[[ATTACHMENT|professional-admin--profes-77175-navegacao-sem-ocupar-layout-desktop-admin-installer/attachments/print-final-7625a7de3ae0cac58811b41e7e8ed85a813f4f3f.png]]

[[ATTACHMENT|professional-admin--profes-77175-navegacao-sem-ocupar-layout-desktop-admin-installer/error-context.md]]
]]>
</system-out>
<failure message="expect(received).toBeGreaterThanOrEqual(expected)" type="expect.toBeGreaterThanOrEqual">
<![CDATA[  [desktop-admin-installer] › professional-admin.spec.js:10:1 › [professional-shell] exibe dobra e expande subnavegacao sem ocupar layout 

    Error: expect(received).toBeGreaterThanOrEqual(expected)

    Expected: >= -1
    Received:    -215

      14 |   await expect(handle).toBeVisible();
      15 |   const handleBox = await handle.boundingBox();
    > 16 |   expect(handleBox?.x).toBeGreaterThanOrEqual(-1);
         |                        ^
      17 |   expect(handleBox?.y).toBeGreaterThanOrEqual(72);
      18 |
      19 |   const workspaceBefore = await page.locator("#main-workspace").boundingBox();
        at /home/icarogdo/dev/macroobras-jazzy/app/macroobras/frontend/tests/ui/professional-admin.spec.js:16:24

    attachment #1: print-final (image/png) ─────────────────────────────────────────────────────────
    ../../output/playwright-results/professional-admin--profes-77175-navegacao-sem-ocupar-layout-desktop-admin-installer/attachments/print-final-7625a7de3ae0cac58811b41e7e8ed85a813f4f3f.png
    ────────────────────────────────────────────────────────────────────────────────────────────────

    Error Context: ../../output/playwright-results/professional-admin--profes-77175-navegacao-sem-ocupar-layout-desktop-admin-installer/error-context.md
]]>
</failure>
</testcase>
<testcase name="[professional-settings] persiste tema densidade e comportamento" classname="professional-admin.spec.js" time="0.659">
<system-out>
<![CDATA[
[[ATTACHMENT|professional-admin--profes-0510b-a-densidade-e-comportamento-desktop-admin-installer/attachments/print-final-0976ea109bb51205a151688509768b75b990d51b.png]]
]]>
</system-out>
</testcase>
<testcase name="[professional-glossary] enquadra todos os servicos e materializa card fantasma" classname="professional-admin.spec.js" time="30.402">
<system-out>
<![CDATA[
[[ATTACHMENT|professional-admin--profes-03b06-e-materializa-card-fantasma-desktop-admin-installer/attachments/print-final-a0ad02e8adf561fa71cf01911cb93e5b8c9787f1.png]]

[[ATTACHMENT|professional-admin--profes-03b06-e-materializa-card-fantasma-desktop-admin-installer/error-context.md]]
]]>
</system-out>
<error message="Test timeout of 30000ms exceeded." type="Error">
<![CDATA[  [desktop-admin-installer] › professional-admin.spec.js:55:1 › [professional-glossary] enquadra todos os servicos e materializa card fantasma 

    Test timeout of 30000ms exceeded.

    Error: locator.hover: Test timeout of 30000ms exceeded.
    Call log:
      - waiting for locator('.sidebar-fold-handle')
        - locator resolved to <button aria-expanded="false" title="Fixar menu aberto" class="sidebar-fold-handle" data-message="toggle-sidebar" aria-controls="carbon-subnavigation" aria-label="Fixar subnavegação aberta">…</button>
      - attempting hover action
        - waiting for element to be visible and stable
        - element is visible and stable
        - scrolling into view if needed
        - done scrolling
        - performing hover action
        - <section tabindex="-1" id="main-workspace" class="workspace maximus-workspace">…</section> intercepts pointer events
      - retrying hover action
        - waiting for element to be visible and stable
        - element is not stable
      - retrying hover action
        - waiting 20ms
        2 × waiting for element to be visible and stable
          - element is not stable
        - retrying hover action
          - waiting 100ms
        56 × waiting for element to be visible and stable
           - element is not stable
         - retrying hover action
           - waiting 500ms


      56 |   await page.locator('[data-route="admin-settings"]').first().click();
      57 |   const handle = page.locator(".sidebar-fold-handle");
    > 58 |   await handle.hover();
         |                ^
      59 |   await page.locator('.drill-sidebar [data-route="admin-diagram-library"]').click();
      60 |
      61 |   const canvas = page.locator('[data-interactive-diagram="all-work-elements"]');
        at /home/icarogdo/dev/macroobras-jazzy/app/macroobras/frontend/tests/ui/professional-admin.spec.js:58:16

    attachment #1: print-final (image/png) ─────────────────────────────────────────────────────────
    ../../output/playwright-results/professional-admin--profes-03b06-e-materializa-card-fantasma-desktop-admin-installer/attachments/print-final-a0ad02e8adf561fa71cf01911cb93e5b8c9787f1.png
    ────────────────────────────────────────────────────────────────────────────────────────────────

    Error Context: ../../output/playwright-results/professional-admin--profes-03b06-e-materializa-card-fantasma-desktop-admin-installer/error-context.md
]]>
</error>
</testcase>
<testcase name="[professional-rh] edita ficha vinculada ao card do organograma" classname="professional-admin.spec.js" time="0.871">
<system-out>
<![CDATA[
[[ATTACHMENT|professional-admin--profes-b6b34-lada-ao-card-do-organograma-desktop-admin-installer/attachments/print-final-19b56c0eae41596d549fcc7f880d5699f85d9eee.png]]
]]>
</system-out>
</testcase>
<testcase name="[professional-diary] navega timeline folha diaria detalhes e notas" classname="professional-admin.spec.js" time="1.111">
<system-out>
<![CDATA[
[[ATTACHMENT|professional-admin--profes-9ed01-lha-diaria-detalhes-e-notas-desktop-admin-installer/attachments/print-final-360ffdd3c895ffc470a09f3116070a857978a8d0.png]]
]]>
</system-out>
</testcase>
<testcase name="[professional-visits] comunica o novo gesto de rota inteligente" classname="professional-admin.spec.js" time="0.565">
<system-out>
<![CDATA[
[[ATTACHMENT|professional-admin--profes-a48f5-o-gesto-de-rota-inteligente-desktop-admin-installer/attachments/print-final-f08660e0db5ab534350cd94a1cb7e75b9b714a7f.png]]
]]>
</system-out>
</testcase>
</testsuite>
</testsuites>